<?xml version="1.0" encoding="UTF-8"?>
<!-- Generated by org.testng.reporters.JUnitXMLReporter -->
<testsuite hostname="DESKTOP-URKGA8H" ignored="0" name="Dashboard" tests="4" failures="2" timestamp="31 Jul 2018 11:13:16 GMT" time="488.667" errors="0">
  <testcase name="Tc_Dashboard_001" time="196.602" classname="testcases_functionality.TC_Dashboard"/>
  <testcase name="Tc_Dashboard_002" time="178.743" classname="testcases_functionality.TC_Dashboard"/>
  <testcase name="Tc_Dashboard_003" time="55.82" classname="testcases_functionality.TC_Dashboard">
    <failure type="org.openqa.selenium.WebDriverException" message="unknown error: Element &amp;lt;a style=&amp;quot; white-space: pre-line;&amp;quot; ng-href=&amp;quot;#/reports/implant-log-report&amp;quot; ng-class=&amp;quot;{&amp;apos;text-muted-important&amp;apos;: !n.canAccess}&amp;quot; tabindex=&amp;quot;-1&amp;quot; role=&amp;quot;menuitem&amp;quot; ng-disabled=&amp;quot;false&amp;quot; class=&amp;quot;ng-binding&amp;quot; href=&amp;quot;#/reports/implant-log-report&amp;quot;&amp;gt;...&amp;lt;/a&amp;gt; is not clickable at point (1210, 606). Other element would receive the click: &amp;lt;body data-twttr-rendered=&amp;quot;true&amp;quot; ng-class=&amp;quot;{&amp;apos;login-page-bg&amp;apos;: !isAuthenticated, &amp;apos;dashboard-page-bg&amp;apos;: isCurrentMenu(1), &amp;apos;other-page-bg&amp;apos;: !isCurrentMenu(1)}&amp;quot; style=&amp;quot;visibility: visible; overflow: auto;&amp;quot; class=&amp;quot;pg-loaded other-page-bg&amp;quot;&amp;gt;...&amp;lt;/body&amp;gt;
  (Session info: chrome=66.0.3359.181)
  (Driver info: chromedriver=2.37.544315 (730aa6a5fdba159ac9f4c1e8cbc59bf1b5ce12b7),platform=Windows NT 10.0.17134 x86_64) (WARNING: The server did not provide any stacktrace information)
Command duration or timeout: 0 milliseconds
Build info: version: &amp;apos;3.11.0&amp;apos;, revision: &amp;apos;e59cfb3&amp;apos;, time: &amp;apos;2018-03-11T20:33:15.31Z&amp;apos;
System info: host: &amp;apos;DESKTOP-URKGA8H&amp;apos;, ip: &amp;apos;192.168.0.115&amp;apos;, os.name: &amp;apos;Windows 10&amp;apos;, os.arch: &amp;apos;amd64&amp;apos;, os.version: &amp;apos;10.0&amp;apos;, java.version: &amp;apos;1.8.0_161&amp;apos;
Driver info: org.openqa.selenium.remote.RemoteWebDriver
Capabilities {acceptInsecureCerts: false, acceptSslCerts: false, applicationCacheEnabled: false, browserConnectionEnabled: false, browserName: chrome, chrome: {chromedriverVersion: 2.37.544315 (730aa6a5fdba15..., userDataDir: C:\Users\Acer\AppData\Local...}, cssSelectorsEnabled: true, databaseEnabled: false, handlesAlerts: true, hasTouchScreen: false, javascriptEnabled: true, locationContextEnabled: true, mobileEmulationEnabled: false, nativeEvents: true, networkConnectionEnabled: false, pageLoadStrategy: normal, platform: XP, platformName: XP, rotatable: false, setWindowRect: true, takesHeapSnapshot: true, takesScreenshot: true, unexpectedAlertBehaviour: , unhandledPromptBehavior: , version: 66.0.3359.181, webStorageEnabled: true, webdriver.remote.sessionid: c4b168a85cdd37e11039222fa07...}
Session ID: c4b168a85cdd37e11039222fa07e5f6e">
      <![CDATA[org.openqa.selenium.WebDriverException: unknown error: Element <a style=" white-space: pre-line;" ng-href="#/reports/implant-log-report" ng-class="{'text-muted-important': !n.canAccess}" tabindex="-1" role="menuitem" ng-disabled="false" class="ng-binding" href="#/reports/implant-log-report">...</a> is not clickable at point (1210, 606). Other element would receive the click: <body data-twttr-rendered="true" ng-class="{'login-page-bg': !isAuthenticated, 'dashboard-page-bg': isCurrentMenu(1), 'other-page-bg': !isCurrentMenu(1)}" style="visibility: visible; overflow: auto;" class="pg-loaded other-page-bg">...</body>
  (Session info: chrome=66.0.3359.181)
  (Driver info: chromedriver=2.37.544315 (730aa6a5fdba159ac9f4c1e8cbc59bf1b5ce12b7),platform=Windows NT 10.0.17134 x86_64) (WARNING: The server did not provide any stacktrace information)
Command duration or timeout: 0 milliseconds
Build info: version: '3.11.0', revision: 'e59cfb3', time: '2018-03-11T20:33:15.31Z'
System info: host: 'DESKTOP-URKGA8H', ip: '192.168.0.115', os.name: 'Windows 10', os.arch: 'amd64', os.version: '10.0', java.version: '1.8.0_161'
Driver info: org.openqa.selenium.remote.RemoteWebDriver
Capabilities {acceptInsecureCerts: false, acceptSslCerts: false, applicationCacheEnabled: false, browserConnectionEnabled: false, browserName: chrome, chrome: {chromedriverVersion: 2.37.544315 (730aa6a5fdba15..., userDataDir: C:\Users\Acer\AppData\Local...}, cssSelectorsEnabled: true, databaseEnabled: false, handlesAlerts: true, hasTouchScreen: false, javascriptEnabled: true, locationContextEnabled: true, mobileEmulationEnabled: false, nativeEvents: true, networkConnectionEnabled: false, pageLoadStrategy: normal, platform: XP, platformName: XP, rotatable: false, setWindowRect: true, takesHeapSnapshot: true, takesScreenshot: true, unexpectedAlertBehaviour: , unhandledPromptBehavior: , version: 66.0.3359.181, webStorageEnabled: true, webdriver.remote.sessionid: c4b168a85cdd37e11039222fa07...}
Session ID: c4b168a85cdd37e11039222fa07e5f6e
	at org.openqa.selenium.remote.ErrorHandler.createThrowable(ErrorHandler.java:214)
	at org.openqa.selenium.remote.ErrorHandler.throwIfResponseFailed(ErrorHandler.java:166)
	at org.openqa.selenium.remote.http.JsonHttpResponseCodec.reconstructValue(JsonHttpResponseCodec.java:40)
	at org.openqa.selenium.remote.http.AbstractHttpResponseCodec.decode(AbstractHttpResponseCodec.java:80)
	at org.openqa.selenium.remote.http.AbstractHttpResponseCodec.decode(AbstractHttpResponseCodec.java:44)
	at org.openqa.selenium.remote.HttpCommandExecutor.execute(HttpCommandExecutor.java:158)
	at org.openqa.selenium.remote.RemoteWebDriver.execute(RemoteWebDriver.java:545)
	at org.openqa.selenium.remote.RemoteWebElement.execute(RemoteWebElement.java:279)
	at org.openqa.selenium.remote.RemoteWebElement.click(RemoteWebElement.java:83)
	at pageObject.Reportspage.VerifyViewReport(Reportspage.java:30)
	at testcases_functionality.TC_Dashboard.Tc_Dashboard_003(TC_Dashboard.java:174)
... Removed 29 stack frames]]>
    </failure>
  </testcase> <!-- Tc_Dashboard_003 -->
  <testcase name="Tc_Dashboard_004" time="51.867" classname="testcases_functionality.TC_Dashboard">
    <failure type="org.openqa.selenium.WebDriverException" message="unknown error: Element &amp;lt;a id=&amp;quot;117&amp;quot; ng-click=&amp;quot;logEvent(&amp;apos;OPEN_RECENT_ORDER&amp;apos;)&amp;quot; href=&amp;quot;#/orders/view/2956/orders&amp;quot; ng-href=&amp;quot;#/orders/view/2956/orders&amp;quot; class=&amp;quot;ng-binding&amp;quot;&amp;gt;...&amp;lt;/a&amp;gt; is not clickable at point (529, 608). Other element would receive the click: &amp;lt;body data-twttr-rendered=&amp;quot;true&amp;quot; ng-class=&amp;quot;{&amp;apos;login-page-bg&amp;apos;: !isAuthenticated, &amp;apos;dashboard-page-bg&amp;apos;: isCurrentMenu(1), &amp;apos;other-page-bg&amp;apos;: !isCurrentMenu(1)}&amp;quot; style=&amp;quot;visibility: visible; overflow: auto;&amp;quot; class=&amp;quot;pg-loaded dashboard-page-bg&amp;quot;&amp;gt;...&amp;lt;/body&amp;gt;
  (Session info: chrome=66.0.3359.181)
  (Driver info: chromedriver=2.37.544315 (730aa6a5fdba159ac9f4c1e8cbc59bf1b5ce12b7),platform=Windows NT 10.0.17134 x86_64) (WARNING: The server did not provide any stacktrace information)
Command duration or timeout: 0 milliseconds
Build info: version: &amp;apos;3.11.0&amp;apos;, revision: &amp;apos;e59cfb3&amp;apos;, time: &amp;apos;2018-03-11T20:33:15.31Z&amp;apos;
System info: host: &amp;apos;DESKTOP-URKGA8H&amp;apos;, ip: &amp;apos;192.168.0.115&amp;apos;, os.name: &amp;apos;Windows 10&amp;apos;, os.arch: &amp;apos;amd64&amp;apos;, os.version: &amp;apos;10.0&amp;apos;, java.version: &amp;apos;1.8.0_161&amp;apos;
Driver info: org.openqa.selenium.remote.RemoteWebDriver
Capabilities {acceptInsecureCerts: false, acceptSslCerts: false, applicationCacheEnabled: false, browserConnectionEnabled: false, browserName: chrome, chrome: {chromedriverVersion: 2.37.544315 (730aa6a5fdba15..., userDataDir: C:\Users\Acer\AppData\Local...}, cssSelectorsEnabled: true, databaseEnabled: false, handlesAlerts: true, hasTouchScreen: false, javascriptEnabled: true, locationContextEnabled: true, mobileEmulationEnabled: false, nativeEvents: true, networkConnectionEnabled: false, pageLoadStrategy: normal, platform: XP, platformName: XP, rotatable: false, setWindowRect: true, takesHeapSnapshot: true, takesScreenshot: true, unexpectedAlertBehaviour: , unhandledPromptBehavior: , version: 66.0.3359.181, webStorageEnabled: true, webdriver.remote.sessionid: c4b168a85cdd37e11039222fa07...}
Session ID: c4b168a85cdd37e11039222fa07e5f6e">
      <![CDATA[org.openqa.selenium.WebDriverException: unknown error: Element <a id="117" ng-click="logEvent('OPEN_RECENT_ORDER')" href="#/orders/view/2956/orders" ng-href="#/orders/view/2956/orders" class="ng-binding">...</a> is not clickable at point (529, 608). Other element would receive the click: <body data-twttr-rendered="true" ng-class="{'login-page-bg': !isAuthenticated, 'dashboard-page-bg': isCurrentMenu(1), 'other-page-bg': !isCurrentMenu(1)}" style="visibility: visible; overflow: auto;" class="pg-loaded dashboard-page-bg">...</body>
  (Session info: chrome=66.0.3359.181)
  (Driver info: chromedriver=2.37.544315 (730aa6a5fdba159ac9f4c1e8cbc59bf1b5ce12b7),platform=Windows NT 10.0.17134 x86_64) (WARNING: The server did not provide any stacktrace information)
Command duration or timeout: 0 milliseconds
Build info: version: '3.11.0', revision: 'e59cfb3', time: '2018-03-11T20:33:15.31Z'
System info: host: 'DESKTOP-URKGA8H', ip: '192.168.0.115', os.name: 'Windows 10', os.arch: 'amd64', os.version: '10.0', java.version: '1.8.0_161'
Driver info: org.openqa.selenium.remote.RemoteWebDriver
Capabilities {acceptInsecureCerts: false, acceptSslCerts: false, applicationCacheEnabled: false, browserConnectionEnabled: false, browserName: chrome, chrome: {chromedriverVersion: 2.37.544315 (730aa6a5fdba15..., userDataDir: C:\Users\Acer\AppData\Local...}, cssSelectorsEnabled: true, databaseEnabled: false, handlesAlerts: true, hasTouchScreen: false, javascriptEnabled: true, locationContextEnabled: true, mobileEmulationEnabled: false, nativeEvents: true, networkConnectionEnabled: false, pageLoadStrategy: normal, platform: XP, platformName: XP, rotatable: false, setWindowRect: true, takesHeapSnapshot: true, takesScreenshot: true, unexpectedAlertBehaviour: , unhandledPromptBehavior: , version: 66.0.3359.181, webStorageEnabled: true, webdriver.remote.sessionid: c4b168a85cdd37e11039222fa07...}
Session ID: c4b168a85cdd37e11039222fa07e5f6e
	at org.openqa.selenium.remote.ErrorHandler.createThrowable(ErrorHandler.java:214)
	at org.openqa.selenium.remote.ErrorHandler.throwIfResponseFailed(ErrorHandler.java:166)
	at org.openqa.selenium.remote.http.JsonHttpResponseCodec.reconstructValue(JsonHttpResponseCodec.java:40)
	at org.openqa.selenium.remote.http.AbstractHttpResponseCodec.decode(AbstractHttpResponseCodec.java:80)
	at org.openqa.selenium.remote.http.AbstractHttpResponseCodec.decode(AbstractHttpResponseCodec.java:44)
	at org.openqa.selenium.remote.HttpCommandExecutor.execute(HttpCommandExecutor.java:158)
	at org.openqa.selenium.remote.RemoteWebDriver.execute(RemoteWebDriver.java:545)
	at org.openqa.selenium.remote.RemoteWebElement.execute(RemoteWebElement.java:279)
	at org.openqa.selenium.remote.RemoteWebElement.click(RemoteWebElement.java:83)
	at testcases_functionality.TC_Dashboard.Tc_Dashboard_004(TC_Dashboard.java:201)
... Removed 29 stack frames]]>
    </failure>
  </testcase> <!-- Tc_Dashboard_004 -->
</testsuite> <!-- Dashboard -->
