<?xml version="1.0" encoding="UTF-8"?>
<!-- Generated by org.testng.reporters.JUnitXMLReporter -->
<testsuite hostname="DESKTOP-URKGA8H" ignored="18" name="Alert1" tests="1" failures="1" timestamp="20 Jul 2018 06:21:22 GMT" time="3.513" errors="0">
  <testcase name="TC_Organization_018" time="0.079" classname="testcases_functionality.TC_Organization">
    <failure type="java.lang.NullPointerException">
      <![CDATA[java.lang.NullPointerException
	at funcation_PageObject.Loginpage.newlogin(Loginpage.java:41)
	at funcation_PageObject.Loginpage.OpenBrowserAndLoginnew(Loginpage.java:84)
	at testcases_functionality.TC_Organization.TC_Organization_018(TC_Organization.java:602)
	at java.util.concurrent.FutureTask.run(Unknown Source)
	at java.util.concurrent.ThreadPoolExecutor.runWorker(Unknown Source)
	at java.util.concurrent.ThreadPoolExecutor$Worker.run(Unknown Source)
	at java.lang.Thread.run(Unknown Source)
... Removed 16 stack frames]]>
    </failure>
  </testcase> <!-- TC_Organization_018 -->
  <testcase name="TC_Organizatio_01" time="0.0" classname="testcases_functionality.TC_Organization">
    <ignored/>
  </testcase> <!-- TC_Organizatio_01 -->
  <testcase name="TC_Organizatio_02" time="0.0" classname="testcases_functionality.TC_Organization">
    <ignored/>
  </testcase> <!-- TC_Organizatio_02 -->
  <testcase name="TC_Organizatio_03" time="0.0" classname="testcases_functionality.TC_Organization">
    <ignored/>
  </testcase> <!-- TC_Organizatio_03 -->
  <testcase name="TC_Organization_011" time="0.0" classname="testcases_functionality.TC_Organization">
    <ignored/>
  </testcase> <!-- TC_Organization_011 -->
  <testcase name="TC_Organization_05" time="0.0" classname="testcases_functionality.TC_Organization">
    <ignored/>
  </testcase> <!-- TC_Organization_05 -->
  <testcase name="TC_Organization_014" time="0.0" classname="testcases_functionality.TC_Organization">
    <ignored/>
  </testcase> <!-- TC_Organization_014 -->
  <testcase name="TC_Organization_013" time="0.0" classname="testcases_functionality.TC_Organization">
    <ignored/>
  </testcase> <!-- TC_Organization_013 -->
  <testcase name="TC_Organization_08" time="0.0" classname="testcases_functionality.TC_Organization">
    <ignored/>
  </testcase> <!-- TC_Organization_08 -->
  <testcase name="TC_Organization_06" time="0.0" classname="testcases_functionality.TC_Organization">
    <ignored/>
  </testcase> <!-- TC_Organization_06 -->
  <testcase name="TC_Organization_010" time="0.0" classname="testcases_functionality.TC_Organization">
    <ignored/>
  </testcase> <!-- TC_Organization_010 -->
  <testcase name="TC_Organization_07" time="0.0" classname="testcases_functionality.TC_Organization">
    <ignored/>
  </testcase> <!-- TC_Organization_07 -->
  <testcase name="TC_Organization_04" time="0.0" classname="testcases_functionality.TC_Organization">
    <ignored/>
  </testcase> <!-- TC_Organization_04 -->
  <testcase name="TC_Organization_019" time="0.0" classname="testcases_functionality.TC_Organization">
    <ignored/>
  </testcase> <!-- TC_Organization_019 -->
  <testcase name="TC_Organization_016" time="0.0" classname="testcases_functionality.TC_Organization">
    <ignored/>
  </testcase> <!-- TC_Organization_016 -->
  <testcase name="TC_Organization_09" time="0.0" classname="testcases_functionality.TC_Organization">
    <ignored/>
  </testcase> <!-- TC_Organization_09 -->
  <testcase name="TC_Organization_015" time="0.0" classname="testcases_functionality.TC_Organization">
    <ignored/>
  </testcase> <!-- TC_Organization_015 -->
  <testcase name="TC_Organization_017" time="0.0" classname="testcases_functionality.TC_Organization">
    <ignored/>
  </testcase> <!-- TC_Organization_017 -->
  <testcase name="TC_Organization_012" time="0.0" classname="testcases_functionality.TC_Organization">
    <ignored/>
  </testcase> <!-- TC_Organization_012 -->
</testsuite> <!-- Alert1 -->
