<?xml version="1.0" encoding="UTF-8"?>
<!-- Generated by org.testng.reporters.JUnitXMLReporter -->
<testsuite hostname="DESKTOP-URKGA8H" ignored="1" name="Dashboard1" tests="1" failures="1" timestamp="20 Jul 2018 20:41:32 GMT" time="38.301" errors="0">
  <testcase name="Tc_Test_002" time="0.024" classname="testcases_functionality.Testm">
    <failure type="java.lang.NullPointerException">
      <![CDATA[java.lang.NullPointerException
	at funcation_PageObject.Loginpage.login(Loginpage.java:18)
	at testcases_functionality.Testm.Tc_Test_002(Testm.java:89)
	at java.util.concurrent.FutureTask.run(Unknown Source)
	at java.util.concurrent.ThreadPoolExecutor.runWorker(Unknown Source)
	at java.util.concurrent.ThreadPoolExecutor$Worker.run(Unknown Source)
	at java.lang.Thread.run(Unknown Source)
... Removed 16 stack frames]]>
    </failure>
  </testcase> <!-- Tc_Test_002 -->
  <testcase name="Tc_Test_001" time="0.0" classname="testcases_functionality.Testm">
    <ignored/>
  </testcase> <!-- Tc_Test_001 -->
</testsuite> <!-- Dashboard1 -->
