<?xml version="1.0" encoding="UTF-8"?>
<!-- Generated by org.testng.reporters.JUnitXMLReporter -->
<testsuite hostname="DESKTOP-URKGA8H" ignored="0" name="Facility" tests="21" failures="1" timestamp="11 Jul 2018 05:18:26 GMT" time="455.873" errors="0">
  <testcase name="Tc_Fac_01" time="48.242" classname="testCases.Facility"/>
  <testcase name="Tc_Fac_02" time="14.011" classname="testCases.Facility"/>
  <testcase name="Tc_Fac_03" time="13.539" classname="testCases.Facility"/>
  <testcase name="Tc_Fac_04" time="12.746" classname="testCases.Facility"/>
  <testcase name="Tc_Fac_05_Dep_02" time="16.691" classname="testCases.Facility"/>
  <testcase name="Tc_Dep_03_04" time="33.011" classname="testCases.Facility"/>
  <testcase name="Tc_Dep_07" time="19.377" classname="testCases.Facility"/>
  <testcase name="Tc_Dep_06" time="30.696" classname="testCases.Facility"/>
  <testcase name="Tc_Phy_01_02_03" time="31.145" classname="testCases.Facility"/>
  <testcase name="Tc_Phy_01" time="9.343" classname="testCases.Facility"/>
  <testcase name="Tc_Phy_04" time="26.205" classname="testCases.Facility"/>
  <testcase name="Tc_Phy_05" time="33.183" classname="testCases.Facility"/>
  <testcase name="Tc_ManageApprovalFlow_01" time="8.46" classname="testCases.Facility"/>
  <testcase name="Tc_Manufacturers_01" time="7.196" classname="testCases.Facility"/>
  <testcase name="Tc_Manufacturers_02" time="10.882" classname="testCases.Facility"/>
  <testcase name="Tc_GL_Code_01_02" time="21.323" classname="testCases.Facility"/>
  <testcase name="Tc_GL_Code_04_05" time="38.574" classname="testCases.Facility"/>
  <testcase name="Tc_Patterns_01_03" time="29.356" classname="testCases.Facility"/>
  <testcase name="Tc_Patterns_06" time="6.742" classname="testCases.Facility">
    <failure type="java.lang.NumberFormatException" message="For input string: &amp;quot;1531286249607&amp;quot;">
      <![CDATA[java.lang.NumberFormatException: For input string: "1531286249607"
	at java.lang.NumberFormatException.forInputString(Unknown Source)
	at java.lang.Integer.parseInt(Unknown Source)
	at java.lang.Integer.parseInt(Unknown Source)
	at testCases.Facility.Tc_Patterns_06(Facility.java:767)
... Removed 25 stack frames]]>
    </failure>
  </testcase> <!-- Tc_Patterns_06 -->
  <testcase name="Tc_Patterns_05" time="14.362" classname="testCases.Facility"/>
  <testcase name="Tc_Patterns_02" time="24.878" classname="testCases.Facility"/>
</testsuite> <!-- Facility -->
