<?xml version="1.0" encoding="UTF-8"?>
<!-- Generated by org.testng.reporters.JUnitXMLReporter -->
<testsuite hostname="DESKTOP-URKGA8H" ignored="0" name="InvoicePage" tests="5" failures="0" timestamp="11 Jul 2018 06:19:57 GMT" time="500.341" errors="0">
  <testcase name="Tc_INV_01" time="244.944" classname="testCases.InvoicePage"/>
  <testcase name="Tc_INV_09_10" time="75.469" classname="testCases.InvoicePage"/>
  <testcase name="Tc_INV_02" time="11.691" classname="testCases.InvoicePage"/>
  <testcase name="Tc_INV_03" time="15.392" classname="testCases.InvoicePage"/>
  <testcase name="Tc_INV_04" time="148.207" classname="testCases.InvoicePage"/>
</testsuite> <!-- InvoicePage -->
