<?xml version="1.0" encoding="UTF-8"?>
<testng-results skipped="0" failed="0" ignored="0" total="5" passed="5">
  <reporter-output>
  </reporter-output>
  <suite name="example suite 1" duration-ms="500341" started-at="2018-07-11T06:11:37Z" finished-at="2018-07-11T06:19:57Z">
    <groups>
    </groups>
    <test name="InvoicePage" duration-ms="500341" started-at="2018-07-11T06:11:37Z" finished-at="2018-07-11T06:19:57Z">
      <class name="testCases.InvoicePage">
        <test-method status="PASS" signature="startReport(java.lang.String, java.lang.String)[pri:0, instance:testCases.InvoicePage@5f9d02cb]" name="startReport" is-config="true" duration-ms="734" started-at="2018-07-11T11:41:37Z" finished-at="2018-07-11T11:41:38Z">
          <params>
            <param index="0">
              <value>
                <![CDATA[qa-1]]>
              </value>
            </param>
            <param index="1">
              <value>
                <![CDATA[https://qa1.test.hybrent.com/b/]]>
              </value>
            </param>
          </params>
          <reporter-output>
          </reporter-output>
        </test-method> <!-- startReport -->
        <test-method status="PASS" signature="setBrowser(java.lang.String, java.lang.String, java.lang.String)[pri:0, instance:testCases.InvoicePage@5f9d02cb]" name="setBrowser" is-config="true" duration-ms="3177" started-at="2018-07-11T11:41:38Z" finished-at="2018-07-11T11:41:41Z">
          <params>
            <param index="0">
              <value>
                <![CDATA[chrome]]>
              </value>
            </param>
            <param index="1">
              <value>
                <![CDATA[http://localhost:4444/wd/hub]]>
              </value>
            </param>
            <param index="2">
              <value>
                <![CDATA[qa-1]]>
              </value>
            </param>
          </params>
          <reporter-output>
          </reporter-output>
        </test-method> <!-- setBrowser -->
        <test-method status="PASS" signature="Tc_INV_01()[pri:0, instance:testCases.InvoicePage@5f9d02cb]" name="Tc_INV_01" duration-ms="244944" started-at="2018-07-11T11:41:41Z" finished-at="2018-07-11T11:45:46Z">
          <reporter-output>
          </reporter-output>
        </test-method> <!-- Tc_INV_01 -->
        <test-method status="PASS" signature="Tc_INV_09_10()[pri:0, instance:testCases.InvoicePage@5f9d02cb]" name="Tc_INV_09_10" duration-ms="75469" started-at="2018-07-11T11:45:46Z" finished-at="2018-07-11T11:47:01Z">
          <reporter-output>
          </reporter-output>
        </test-method> <!-- Tc_INV_09_10 -->
        <test-method status="PASS" signature="Tc_INV_02()[pri:0, instance:testCases.InvoicePage@5f9d02cb]" name="Tc_INV_02" duration-ms="11691" started-at="2018-07-11T11:47:01Z" finished-at="2018-07-11T11:47:13Z">
          <reporter-output>
          </reporter-output>
        </test-method> <!-- Tc_INV_02 -->
        <test-method status="PASS" signature="Tc_INV_03()[pri:0, instance:testCases.InvoicePage@5f9d02cb]" name="Tc_INV_03" duration-ms="15392" started-at="2018-07-11T11:47:13Z" finished-at="2018-07-11T11:47:28Z">
          <reporter-output>
          </reporter-output>
        </test-method> <!-- Tc_INV_03 -->
        <test-method status="PASS" signature="Tc_INV_04()[pri:0, instance:testCases.InvoicePage@5f9d02cb]" name="Tc_INV_04" duration-ms="148207" started-at="2018-07-11T11:47:28Z" finished-at="2018-07-11T11:49:57Z">
          <reporter-output>
          </reporter-output>
        </test-method> <!-- Tc_INV_04 -->
        <test-method status="PASS" signature="endReport()[pri:0, instance:testCases.InvoicePage@5f9d02cb]" name="endReport" is-config="true" duration-ms="713" started-at="2018-07-11T11:49:57Z" finished-at="2018-07-11T11:49:57Z">
          <reporter-output>
          </reporter-output>
        </test-method> <!-- endReport -->
      </class> <!-- testCases.InvoicePage -->
    </test> <!-- InvoicePage -->
  </suite> <!-- example suite 1 -->
</testng-results>
