<?xml version="1.0" encoding="UTF-8"?>
<!-- Generated by org.testng.reporters.JUnitXMLReporter -->
<testsuite hostname="DESKTOP-URKGA8H" ignored="0" name="Facility" tests="21" failures="1" timestamp="24 Jul 2018 12:09:29 GMT" time="433.37" errors="0">
  <testcase name="Tc_Fac_01" time="35.545" classname="testCases.Facility"/>
  <testcase name="Tc_Fac_02" time="13.99" classname="testCases.Facility"/>
  <testcase name="Tc_Fac_03" time="15.873" classname="testCases.Facility"/>
  <testcase name="Tc_Fac_04" time="14.618" classname="testCases.Facility"/>
  <testcase name="Tc_Fac_05_Dep_02" time="17.033" classname="testCases.Facility"/>
  <testcase name="Tc_Dep_03_04" time="36.335" classname="testCases.Facility"/>
  <testcase name="Tc_Dep_07" time="21.214" classname="testCases.Facility"/>
  <testcase name="Tc_Dep_06" time="29.922" classname="testCases.Facility"/>
  <testcase name="Tc_Phy_01_02_03" time="28.327" classname="testCases.Facility"/>
  <testcase name="Tc_Phy_01" time="11.968" classname="testCases.Facility"/>
  <testcase name="Tc_Phy_04" time="20.345" classname="testCases.Facility"/>
  <testcase name="Tc_Phy_05" time="33.644" classname="testCases.Facility"/>
  <testcase name="Tc_ManageApprovalFlow_01" time="9.415" classname="testCases.Facility"/>
  <testcase name="Tc_Manufacturers_01" time="9.507" classname="testCases.Facility"/>
  <testcase name="Tc_Manufacturers_02" time="12.013" classname="testCases.Facility"/>
  <testcase name="Tc_GL_Code_01_02" time="18.187" classname="testCases.Facility"/>
  <testcase name="Tc_GL_Code_04_05" time="35.898" classname="testCases.Facility"/>
  <testcase name="Tc_Patterns_01_03" time="19.295" classname="testCases.Facility"/>
  <testcase name="Tc_Patterns_06" time="8.449" classname="testCases.Facility">
    <failure type="java.lang.NumberFormatException" message="For input string: &amp;quot;1532434118096&amp;quot;">
      <![CDATA[java.lang.NumberFormatException: For input string: "1532434118096"
	at java.lang.NumberFormatException.forInputString(Unknown Source)
	at java.lang.Integer.parseInt(Unknown Source)
	at java.lang.Integer.parseInt(Unknown Source)
	at testCases.Facility.Tc_Patterns_06(Facility.java:767)
... Removed 25 stack frames]]>
    </failure>
  </testcase> <!-- Tc_Patterns_06 -->
  <testcase name="Tc_Patterns_05" time="13.326" classname="testCases.Facility"/>
  <testcase name="Tc_Patterns_02" time="24.194" classname="testCases.Facility"/>
</testsuite> <!-- Facility -->
