<?xml version="1.0" encoding="UTF-8"?>
<!-- Generated by org.testng.reporters.JUnitXMLReporter -->
<testsuite hostname="DESKTOP-URKGA8H" ignored="0" name="Inventorylocation" tests="3" failures="0" timestamp="17 Sep 2018 10:23:55 GMT" time="103.057" errors="0">
  <testcase name="Tc_Inventorylocation_001" time="87.107" classname="testcases_functionality.TC_Inventorylocation"/>
  <testcase name="Tc_Inventorylocation_002" time="5.096" classname="testcases_functionality.TC_Inventorylocation"/>
  <testcase name="Tc_Inventorylocation_003" time="7.357" classname="testcases_functionality.TC_Inventorylocation"/>
</testsuite> <!-- Inventorylocation -->
