<?xml version="1.0" encoding="UTF-8"?>
<!-- Generated by org.testng.reporters.JUnitXMLReporter -->
<testsuite hostname="DESKTOP-URKGA8H" ignored="0" name="ManageInventory" tests="6" failures="0" timestamp="17 Sep 2018 12:31:15 GMT" time="319.143" errors="0">
  <testcase name="TC_ManageInventory_001" time="94.905" classname="testcases_functionality.TC_ManageInventory"/>
  <testcase name="TC_ManageInventory_002" time="44.069" classname="testcases_functionality.TC_ManageInventory"/>
  <testcase name="TC_ManageInventory_003" time="30.941" classname="testcases_functionality.TC_ManageInventory"/>
  <testcase name="TC_ManageInventory_004" time="63.671" classname="testcases_functionality.TC_ManageInventory"/>
  <testcase name="TC_ManageInventory_005" time="73.805" classname="testcases_functionality.TC_ManageInventory"/>
  <testcase name="TC_ManageInventory_006" time="8.621" classname="testcases_functionality.TC_ManageInventory"/>
</testsuite> <!-- ManageInventory -->
