<?xml version="1.0" encoding="UTF-8"?>
<!-- Generated by org.testng.reporters.JUnitXMLReporter -->
<testsuite hostname="DESKTOP-URKGA8H" ignored="0" name="Organiation" tests="21" failures="3" timestamp="14 Sep 2018 12:27:24 GMT" time="1203.296" errors="0">
  <testcase name="TC_Organization_001" time="92.239" classname="testcases_functionality.TC_Organization"/>
  <testcase name="TC_Organization_002" time="25.411" classname="testcases_functionality.TC_Organization"/>
  <testcase name="TC_Organization_003" time="19.644" classname="testcases_functionality.TC_Organization">
    <failure type="org.openqa.selenium.NoSuchElementException" message="no such element: Unable to locate element: {&amp;quot;method&amp;quot;:&amp;quot;xpath&amp;quot;,&amp;quot;selector&amp;quot;:&amp;quot;//*[text()=&amp;apos;Profile update.&amp;apos;]&amp;quot;}
  (Session info: chrome=68.0.3440.106)
  (Driver info: chromedriver=2.37.544315 (730aa6a5fdba159ac9f4c1e8cbc59bf1b5ce12b7),platform=Windows NT 10.0.17134 x86_64) (WARNING: The server did not provide any stacktrace information)
Command duration or timeout: 0 milliseconds
For documentation on this error, please visit: http://seleniumhq.org/exceptions/no_such_element.html
Build info: version: &amp;apos;3.11.0&amp;apos;, revision: &amp;apos;e59cfb3&amp;apos;, time: &amp;apos;2018-03-11T20:33:15.31Z&amp;apos;
System info: host: &amp;apos;DESKTOP-URKGA8H&amp;apos;, ip: &amp;apos;192.168.3.112&amp;apos;, os.name: &amp;apos;Windows 10&amp;apos;, os.arch: &amp;apos;amd64&amp;apos;, os.version: &amp;apos;10.0&amp;apos;, java.version: &amp;apos;1.8.0_161&amp;apos;
Driver info: org.openqa.selenium.remote.RemoteWebDriver
Capabilities {acceptInsecureCerts: false, acceptSslCerts: false, applicationCacheEnabled: false, browserConnectionEnabled: false, browserName: chrome, chrome: {chromedriverVersion: 2.37.544315 (730aa6a5fdba15..., userDataDir: C:\Users\Acer\AppData\Local...}, cssSelectorsEnabled: true, databaseEnabled: false, handlesAlerts: true, hasTouchScreen: false, javascriptEnabled: true, locationContextEnabled: true, mobileEmulationEnabled: false, nativeEvents: true, networkConnectionEnabled: false, pageLoadStrategy: normal, platform: XP, platformName: XP, rotatable: false, setWindowRect: true, takesHeapSnapshot: true, takesScreenshot: true, unexpectedAlertBehaviour: , unhandledPromptBehavior: , version: 68.0.3440.106, webStorageEnabled: true, webdriver.remote.sessionid: d9a7c0d1426af7aa3ecd43f103a...}
Session ID: d9a7c0d1426af7aa3ecd43f103a55c3e
*** Element info: {Using=xpath, value=//*[text()=&amp;apos;Profile update.&amp;apos;]}">
      <![CDATA[org.openqa.selenium.NoSuchElementException: no such element: Unable to locate element: {"method":"xpath","selector":"//*[text()='Profile update.']"}
  (Session info: chrome=68.0.3440.106)
  (Driver info: chromedriver=2.37.544315 (730aa6a5fdba159ac9f4c1e8cbc59bf1b5ce12b7),platform=Windows NT 10.0.17134 x86_64) (WARNING: The server did not provide any stacktrace information)
Command duration or timeout: 0 milliseconds
For documentation on this error, please visit: http://seleniumhq.org/exceptions/no_such_element.html
Build info: version: '3.11.0', revision: 'e59cfb3', time: '2018-03-11T20:33:15.31Z'
System info: host: 'DESKTOP-URKGA8H', ip: '192.168.3.112', os.name: 'Windows 10', os.arch: 'amd64', os.version: '10.0', java.version: '1.8.0_161'
Driver info: org.openqa.selenium.remote.RemoteWebDriver
Capabilities {acceptInsecureCerts: false, acceptSslCerts: false, applicationCacheEnabled: false, browserConnectionEnabled: false, browserName: chrome, chrome: {chromedriverVersion: 2.37.544315 (730aa6a5fdba15..., userDataDir: C:\Users\Acer\AppData\Local...}, cssSelectorsEnabled: true, databaseEnabled: false, handlesAlerts: true, hasTouchScreen: false, javascriptEnabled: true, locationContextEnabled: true, mobileEmulationEnabled: false, nativeEvents: true, networkConnectionEnabled: false, pageLoadStrategy: normal, platform: XP, platformName: XP, rotatable: false, setWindowRect: true, takesHeapSnapshot: true, takesScreenshot: true, unexpectedAlertBehaviour: , unhandledPromptBehavior: , version: 68.0.3440.106, webStorageEnabled: true, webdriver.remote.sessionid: d9a7c0d1426af7aa3ecd43f103a...}
Session ID: d9a7c0d1426af7aa3ecd43f103a55c3e
*** Element info: {Using=xpath, value=//*[text()='Profile update.']}
	at org.openqa.selenium.remote.ErrorHandler.createThrowable(ErrorHandler.java:214)
	at org.openqa.selenium.remote.ErrorHandler.throwIfResponseFailed(ErrorHandler.java:166)
	at org.openqa.selenium.remote.http.JsonHttpResponseCodec.reconstructValue(JsonHttpResponseCodec.java:40)
	at org.openqa.selenium.remote.http.AbstractHttpResponseCodec.decode(AbstractHttpResponseCodec.java:80)
	at org.openqa.selenium.remote.http.AbstractHttpResponseCodec.decode(AbstractHttpResponseCodec.java:44)
	at org.openqa.selenium.remote.HttpCommandExecutor.execute(HttpCommandExecutor.java:158)
	at org.openqa.selenium.remote.RemoteWebDriver.execute(RemoteWebDriver.java:545)
	at org.openqa.selenium.remote.RemoteWebDriver.findElement(RemoteWebDriver.java:319)
	at org.openqa.selenium.remote.RemoteWebDriver.findElementByXPath(RemoteWebDriver.java:421)
	at org.openqa.selenium.By$ByXPath.findElement(By.java:361)
	at org.openqa.selenium.remote.RemoteWebDriver.findElement(RemoteWebDriver.java:311)
	at AutomationFramework.Generickeywords.identifyBy(Generickeywords.java:298)
	at AutomationFramework.Generickeywords.findWebElement(Generickeywords.java:388)
	at AutomationFramework.Generickeywords.isElementDisplayed(Generickeywords.java:2248)
	at AutomationFramework.ApplicationKeyword.ProfileUpdateLogmeOut(ApplicationKeyword.java:159)
	at funcation_PageObject.Organisation.ItemReceiveInventory(Organisation.java:411)
	at testcases_functionality.TC_Organization.TC_Organization_003(TC_Organization.java:90)
... Removed 29 stack frames]]>
    </failure>
  </testcase> <!-- TC_Organization_003 -->
  <testcase name="TC_Organization_004" time="17.418" classname="testcases_functionality.TC_Organization"/>
  <testcase name="TC_Organization_005" time="34.502" classname="testcases_functionality.TC_Organization"/>
  <testcase name="TC_Organization_006" time="16.365" classname="testcases_functionality.TC_Organization">
    <failure type="org.openqa.selenium.WebDriverException" message="unknown error: Element &amp;lt;div class=&amp;quot;bootstrap-switch-off bootstrap-switch-small bootstrap-switch-id-is_identifier_on bootstrap-switch bootstrap-switch-wrapper bootstrap-switch-animate&amp;quot; style=&amp;quot;width: 118px;&amp;quot;&amp;gt;...&amp;lt;/div&amp;gt; is not clickable at point (613, 603). Other element would receive the click: &amp;lt;div class=&amp;quot;sweet-overlay&amp;quot; tabindex=&amp;quot;-1&amp;quot; style=&amp;quot;opacity: 1.04; display: block;&amp;quot;&amp;gt;&amp;lt;/div&amp;gt;
  (Session info: chrome=68.0.3440.106)
  (Driver info: chromedriver=2.37.544315 (730aa6a5fdba159ac9f4c1e8cbc59bf1b5ce12b7),platform=Windows NT 10.0.17134 x86_64) (WARNING: The server did not provide any stacktrace information)
Command duration or timeout: 0 milliseconds
Build info: version: &amp;apos;3.11.0&amp;apos;, revision: &amp;apos;e59cfb3&amp;apos;, time: &amp;apos;2018-03-11T20:33:15.31Z&amp;apos;
System info: host: &amp;apos;DESKTOP-URKGA8H&amp;apos;, ip: &amp;apos;192.168.3.112&amp;apos;, os.name: &amp;apos;Windows 10&amp;apos;, os.arch: &amp;apos;amd64&amp;apos;, os.version: &amp;apos;10.0&amp;apos;, java.version: &amp;apos;1.8.0_161&amp;apos;
Driver info: org.openqa.selenium.remote.RemoteWebDriver
Capabilities {acceptInsecureCerts: false, acceptSslCerts: false, applicationCacheEnabled: false, browserConnectionEnabled: false, browserName: chrome, chrome: {chromedriverVersion: 2.37.544315 (730aa6a5fdba15..., userDataDir: C:\Users\Acer\AppData\Local...}, cssSelectorsEnabled: true, databaseEnabled: false, handlesAlerts: true, hasTouchScreen: false, javascriptEnabled: true, locationContextEnabled: true, mobileEmulationEnabled: false, nativeEvents: true, networkConnectionEnabled: false, pageLoadStrategy: normal, platform: XP, platformName: XP, rotatable: false, setWindowRect: true, takesHeapSnapshot: true, takesScreenshot: true, unexpectedAlertBehaviour: , unhandledPromptBehavior: , version: 68.0.3440.106, webStorageEnabled: true, webdriver.remote.sessionid: d9a7c0d1426af7aa3ecd43f103a...}
Session ID: d9a7c0d1426af7aa3ecd43f103a55c3e">
      <![CDATA[org.openqa.selenium.WebDriverException: unknown error: Element <div class="bootstrap-switch-off bootstrap-switch-small bootstrap-switch-id-is_identifier_on bootstrap-switch bootstrap-switch-wrapper bootstrap-switch-animate" style="width: 118px;">...</div> is not clickable at point (613, 603). Other element would receive the click: <div class="sweet-overlay" tabindex="-1" style="opacity: 1.04; display: block;"></div>
  (Session info: chrome=68.0.3440.106)
  (Driver info: chromedriver=2.37.544315 (730aa6a5fdba159ac9f4c1e8cbc59bf1b5ce12b7),platform=Windows NT 10.0.17134 x86_64) (WARNING: The server did not provide any stacktrace information)
Command duration or timeout: 0 milliseconds
Build info: version: '3.11.0', revision: 'e59cfb3', time: '2018-03-11T20:33:15.31Z'
System info: host: 'DESKTOP-URKGA8H', ip: '192.168.3.112', os.name: 'Windows 10', os.arch: 'amd64', os.version: '10.0', java.version: '1.8.0_161'
Driver info: org.openqa.selenium.remote.RemoteWebDriver
Capabilities {acceptInsecureCerts: false, acceptSslCerts: false, applicationCacheEnabled: false, browserConnectionEnabled: false, browserName: chrome, chrome: {chromedriverVersion: 2.37.544315 (730aa6a5fdba15..., userDataDir: C:\Users\Acer\AppData\Local...}, cssSelectorsEnabled: true, databaseEnabled: false, handlesAlerts: true, hasTouchScreen: false, javascriptEnabled: true, locationContextEnabled: true, mobileEmulationEnabled: false, nativeEvents: true, networkConnectionEnabled: false, pageLoadStrategy: normal, platform: XP, platformName: XP, rotatable: false, setWindowRect: true, takesHeapSnapshot: true, takesScreenshot: true, unexpectedAlertBehaviour: , unhandledPromptBehavior: , version: 68.0.3440.106, webStorageEnabled: true, webdriver.remote.sessionid: d9a7c0d1426af7aa3ecd43f103a...}
Session ID: d9a7c0d1426af7aa3ecd43f103a55c3e
	at org.openqa.selenium.remote.ErrorHandler.createThrowable(ErrorHandler.java:214)
	at org.openqa.selenium.remote.ErrorHandler.throwIfResponseFailed(ErrorHandler.java:166)
	at org.openqa.selenium.remote.http.JsonHttpResponseCodec.reconstructValue(JsonHttpResponseCodec.java:40)
	at org.openqa.selenium.remote.http.AbstractHttpResponseCodec.decode(AbstractHttpResponseCodec.java:80)
	at org.openqa.selenium.remote.http.AbstractHttpResponseCodec.decode(AbstractHttpResponseCodec.java:44)
	at org.openqa.selenium.remote.HttpCommandExecutor.execute(HttpCommandExecutor.java:158)
	at org.openqa.selenium.remote.RemoteWebDriver.execute(RemoteWebDriver.java:545)
	at org.openqa.selenium.remote.RemoteWebElement.execute(RemoteWebElement.java:279)
	at org.openqa.selenium.remote.RemoteWebElement.click(RemoteWebElement.java:83)
	at funcation_PageObject.Organisation.ItemIdentifier(Organisation.java:458)
	at testcases_functionality.TC_Organization.TC_Organization_006(TC_Organization.java:196)
... Removed 29 stack frames]]>
    </failure>
  </testcase> <!-- TC_Organization_006 -->
  <testcase name="TC_Organization_007" time="16.57" classname="testcases_functionality.TC_Organization"/>
  <testcase name="TC_Organization_008" time="108.528" classname="testcases_functionality.TC_Organization"/>
  <testcase name="TC_Organization_009" time="104.866" classname="testcases_functionality.TC_Organization"/>
  <testcase name="TC_Organization_010" time="140.13" classname="testcases_functionality.TC_Organization"/>
  <testcase name="TC_Organization_011" time="75.607" classname="testcases_functionality.TC_Organization"/>
  <testcase name="TC_Organization_012" time="3.288" classname="testcases_functionality.TC_Organization"/>
  <testcase name="TC_Organization_013" time="124.622" classname="testcases_functionality.TC_Organization"/>
  <testcase name="TC_Organization_014" time="77.365" classname="testcases_functionality.TC_Organization"/>
  <testcase name="TC_Organization_015" time="72.679" classname="testcases_functionality.TC_Organization"/>
  <testcase name="TC_Organization_016" time="78.562" classname="testcases_functionality.TC_Organization"/>
  <testcase name="TC_Organization_017" time="81.587" classname="testcases_functionality.TC_Organization"/>
  <testcase name="TC_Organization_018" time="20.1" classname="testcases_functionality.TC_Organization"/>
  <testcase name="TC_Organization_019" time="5.024" classname="testcases_functionality.TC_Organization">
    <failure type="org.openqa.selenium.ElementNotVisibleException" message="element not visible
  (Session info: chrome=68.0.3440.106)
  (Driver info: chromedriver=2.37.544315 (730aa6a5fdba159ac9f4c1e8cbc59bf1b5ce12b7),platform=Windows NT 10.0.17134 x86_64) (WARNING: The server did not provide any stacktrace information)
Command duration or timeout: 0 milliseconds
Build info: version: &amp;apos;3.11.0&amp;apos;, revision: &amp;apos;e59cfb3&amp;apos;, time: &amp;apos;2018-03-11T20:33:15.31Z&amp;apos;
System info: host: &amp;apos;DESKTOP-URKGA8H&amp;apos;, ip: &amp;apos;192.168.3.112&amp;apos;, os.name: &amp;apos;Windows 10&amp;apos;, os.arch: &amp;apos;amd64&amp;apos;, os.version: &amp;apos;10.0&amp;apos;, java.version: &amp;apos;1.8.0_161&amp;apos;
Driver info: org.openqa.selenium.remote.RemoteWebDriver
Capabilities {acceptInsecureCerts: false, acceptSslCerts: false, applicationCacheEnabled: false, browserConnectionEnabled: false, browserName: chrome, chrome: {chromedriverVersion: 2.37.544315 (730aa6a5fdba15..., userDataDir: C:\Users\Acer\AppData\Local...}, cssSelectorsEnabled: true, databaseEnabled: false, handlesAlerts: true, hasTouchScreen: false, javascriptEnabled: true, locationContextEnabled: true, mobileEmulationEnabled: false, nativeEvents: true, networkConnectionEnabled: false, pageLoadStrategy: normal, platform: XP, platformName: XP, rotatable: false, setWindowRect: true, takesHeapSnapshot: true, takesScreenshot: true, unexpectedAlertBehaviour: , unhandledPromptBehavior: , version: 68.0.3440.106, webStorageEnabled: true, webdriver.remote.sessionid: d9a7c0d1426af7aa3ecd43f103a...}
Session ID: d9a7c0d1426af7aa3ecd43f103a55c3e">
      <![CDATA[org.openqa.selenium.ElementNotVisibleException: element not visible
  (Session info: chrome=68.0.3440.106)
  (Driver info: chromedriver=2.37.544315 (730aa6a5fdba159ac9f4c1e8cbc59bf1b5ce12b7),platform=Windows NT 10.0.17134 x86_64) (WARNING: The server did not provide any stacktrace information)
Command duration or timeout: 0 milliseconds
Build info: version: '3.11.0', revision: 'e59cfb3', time: '2018-03-11T20:33:15.31Z'
System info: host: 'DESKTOP-URKGA8H', ip: '192.168.3.112', os.name: 'Windows 10', os.arch: 'amd64', os.version: '10.0', java.version: '1.8.0_161'
Driver info: org.openqa.selenium.remote.RemoteWebDriver
Capabilities {acceptInsecureCerts: false, acceptSslCerts: false, applicationCacheEnabled: false, browserConnectionEnabled: false, browserName: chrome, chrome: {chromedriverVersion: 2.37.544315 (730aa6a5fdba15..., userDataDir: C:\Users\Acer\AppData\Local...}, cssSelectorsEnabled: true, databaseEnabled: false, handlesAlerts: true, hasTouchScreen: false, javascriptEnabled: true, locationContextEnabled: true, mobileEmulationEnabled: false, nativeEvents: true, networkConnectionEnabled: false, pageLoadStrategy: normal, platform: XP, platformName: XP, rotatable: false, setWindowRect: true, takesHeapSnapshot: true, takesScreenshot: true, unexpectedAlertBehaviour: , unhandledPromptBehavior: , version: 68.0.3440.106, webStorageEnabled: true, webdriver.remote.sessionid: d9a7c0d1426af7aa3ecd43f103a...}
Session ID: d9a7c0d1426af7aa3ecd43f103a55c3e
	at org.openqa.selenium.remote.ErrorHandler.createThrowable(ErrorHandler.java:214)
	at org.openqa.selenium.remote.ErrorHandler.throwIfResponseFailed(ErrorHandler.java:166)
	at org.openqa.selenium.remote.http.JsonHttpResponseCodec.reconstructValue(JsonHttpResponseCodec.java:40)
	at org.openqa.selenium.remote.http.AbstractHttpResponseCodec.decode(AbstractHttpResponseCodec.java:80)
	at org.openqa.selenium.remote.http.AbstractHttpResponseCodec.decode(AbstractHttpResponseCodec.java:44)
	at org.openqa.selenium.remote.HttpCommandExecutor.execute(HttpCommandExecutor.java:158)
	at org.openqa.selenium.remote.RemoteWebDriver.execute(RemoteWebDriver.java:545)
	at org.openqa.selenium.remote.RemoteWebElement.execute(RemoteWebElement.java:279)
	at org.openqa.selenium.remote.RemoteWebElement.click(RemoteWebElement.java:83)
	at funcation_PageObject.Organisation.ResellerActive(Organisation.java:1002)
	at testcases_functionality.TC_Organization.TC_Organization_019(TC_Organization.java:635)
... Removed 29 stack frames]]>
    </failure>
  </testcase> <!-- TC_Organization_019 -->
  <testcase name="TC_Organization_020" time="4.297" classname="testcases_functionality.TC_Organization"/>
  <testcase name="TC_Organization_021" time="78.582" classname="testcases_functionality.TC_Organization"/>
</testsuite> <!-- Organiation -->
