<?xml version="1.0" encoding="UTF-8"?>
<!-- Generated by org.testng.reporters.JUnitXMLReporter -->
<testsuite hostname="DESKTOP-URKGA8H" ignored="0" name="PriceTire" tests="4" failures="0" timestamp="14 Sep 2018 08:28:15 GMT" time="125.47" errors="0">
  <testcase name="Tc_PriceTire_001" time="74.777" classname="testcases_functionality.TC_PriceTire"/>
  <testcase name="Tc_PriceTire_002" time="13.04" classname="testcases_functionality.TC_PriceTire"/>
  <testcase name="Tc_PriceTire_003" time="18.484" classname="testcases_functionality.TC_PriceTire"/>
  <testcase name="Tc_PriceTire_004" time="12.592" classname="testcases_functionality.TC_PriceTire"/>
</testsuite> <!-- PriceTire -->
