<?xml version="1.0" encoding="UTF-8"?>
<!-- Generated by org.testng.reporters.JUnitXMLReporter -->
<testsuite hostname="DESKTOP-URKGA8H" ignored="0" name="Shipments" tests="4" failures="0" timestamp="24 Jul 2018 11:20:00 GMT" time="81.918" errors="0">
  <testcase name="Tc_SH_01" time="36.905" classname="testCases.Shipments"/>
  <testcase name="Tc_SH_02" time="10.931" classname="testCases.Shipments"/>
  <testcase name="Tc_SH_03" time="12.999" classname="testCases.Shipments"/>
  <testcase name="Tc_SH_04" time="17.864" classname="testCases.Shipments"/>
</testsuite> <!-- Shipments -->
