<?xml version="1.0" encoding="UTF-8"?>
<testng-results skipped="0" failed="0" ignored="1" total="2" passed="1">
  <reporter-output>
  </reporter-output>
  <suite name="example suite 1" duration-ms="44448" started-at="2018-08-07T08:55:11Z" finished-at="2018-08-07T08:55:55Z">
    <groups>
    </groups>
    <test name="Alert" duration-ms="44448" started-at="2018-08-07T08:55:11Z" finished-at="2018-08-07T08:55:55Z">
      <class name="testcases_functionality.TC_Alert">
        <test-method status="PASS" signature="startReport(java.lang.String, java.lang.String)[pri:0, instance:testcases_functionality.TC_Alert@78e67e0a]" name="startReport" is-config="true" duration-ms="744" started-at="2018-08-07T14:25:11Z" finished-at="2018-08-07T14:25:11Z">
          <params>
            <param index="0">
              <value>
                <![CDATA[qa-1]]>
              </value>
            </param>
            <param index="1">
              <value>
                <![CDATA[https://qa1.test.hybrent.com/b/]]>
              </value>
            </param>
          </params>
          <reporter-output>
          </reporter-output>
        </test-method> <!-- startReport -->
        <test-method status="PASS" signature="setBrowser(java.lang.String, java.lang.String, java.lang.String)[pri:0, instance:testcases_functionality.TC_Alert@78e67e0a]" name="setBrowser" is-config="true" duration-ms="3462" started-at="2018-08-07T14:25:11Z" finished-at="2018-08-07T14:25:15Z">
          <params>
            <param index="0">
              <value>
                <![CDATA[chrome]]>
              </value>
            </param>
            <param index="1">
              <value>
                <![CDATA[http://localhost:4444/wd/hub]]>
              </value>
            </param>
            <param index="2">
              <value>
                <![CDATA[qa-1]]>
              </value>
            </param>
          </params>
          <reporter-output>
          </reporter-output>
        </test-method> <!-- setBrowser -->
        <test-method status="PASS" signature="Tc_Alert_001()[pri:0, instance:testcases_functionality.TC_Alert@78e67e0a]" name="Tc_Alert_001" duration-ms="39572" started-at="2018-08-07T14:25:15Z" finished-at="2018-08-07T14:25:54Z">
          <reporter-output>
          </reporter-output>
        </test-method> <!-- Tc_Alert_001 -->
        <test-method status="PASS" signature="endReport()[pri:0, instance:testcases_functionality.TC_Alert@78e67e0a]" name="endReport" is-config="true" duration-ms="651" started-at="2018-08-07T14:25:54Z" finished-at="2018-08-07T14:25:55Z">
          <reporter-output>
          </reporter-output>
        </test-method> <!-- endReport -->
      </class> <!-- testcases_functionality.TC_Alert -->
    </test> <!-- Alert -->
  </suite> <!-- example suite 1 -->
</testng-results>
