<?xml version="1.0" encoding="UTF-8"?>
<!-- Generated by org.testng.reporters.JUnitXMLReporter -->
<testsuite hostname="DESKTOP-URKGA8H" ignored="2" name="Switchuser" tests="1" failures="0" timestamp="02 Aug 2018 16:32:46 GMT" time="106.713" errors="0">
  <testcase name="Tc_Switchuser_003" time="101.873" classname="testcases_functionality.TC_Switchuser"/>
  <testcase name="Tc_Switchuser_002" time="0.0" classname="testcases_functionality.TC_Switchuser">
    <ignored/>
  </testcase> <!-- Tc_Switchuser_002 -->
  <testcase name="Tc_Switchuser_001" time="0.0" classname="testcases_functionality.TC_Switchuser">
    <ignored/>
  </testcase> <!-- Tc_Switchuser_001 -->
</testsuite> <!-- Switchuser -->
