<?xml version="1.0" encoding="UTF-8"?>
<!-- Generated by org.testng.reporters.JUnitXMLReporter -->
<testsuite hostname="DESKTOP-URKGA8H" ignored="0" name="VendorAccSetup" tests="2" failures="0" timestamp="02 Aug 2018 17:29:06 GMT" time="162.054" errors="0">
  <testcase name="Tc_VendorAccSetup_001" time="131.262" classname="testcases_functionality.TC_VendorAcountSetup"/>
  <testcase name="Tc_VendorAccSetup_002" time="24.651" classname="testcases_functionality.TC_VendorAcountSetup"/>
</testsuite> <!-- VendorAccSetup -->
