<?xml version="1.0" encoding="UTF-8"?>
<!-- Generated by org.testng.reporters.JUnitXMLReporter -->
<testsuite hostname="DESKTOP-URKGA8H" ignored="0" name="Organiation" tests="21" failures="5" timestamp="04 Aug 2018 06:11:18 GMT" time="1278.706" errors="0">
  <testcase name="TC_Organization_001" time="109.063" classname="testcases_functionality.TC_Organization"/>
  <testcase name="TC_Organization_002" time="13.616" classname="testcases_functionality.TC_Organization"/>
  <testcase name="TC_Organization_003" time="15.663" classname="testcases_functionality.TC_Organization">
    <failure type="java.lang.NumberFormatException" message="For input string: &amp;quot;Shop&amp;quot;">
      <![CDATA[java.lang.NumberFormatException: For input string: "Shop"
	at java.lang.NumberFormatException.forInputString(Unknown Source)
	at java.lang.Integer.parseInt(Unknown Source)
	at java.lang.Integer.parseInt(Unknown Source)
	at testcases_functionality.TC_Organization.TC_Organization_003(TC_Organization.java:93)
... Removed 25 stack frames]]>
    </failure>
  </testcase> <!-- TC_Organization_003 -->
  <testcase name="TC_Organization_004" time="338.857" classname="testcases_functionality.TC_Organization"/>
  <testcase name="TC_Organization_005" time="5.837" classname="testcases_functionality.TC_Organization"/>
  <testcase name="TC_Organization_006" time="10.152" classname="testcases_functionality.TC_Organization"/>
  <testcase name="TC_Organization_007" time="4.508" classname="testcases_functionality.TC_Organization"/>
  <testcase name="TC_Organization_008" time="18.876" classname="testcases_functionality.TC_Organization">
    <failure type="java.lang.NumberFormatException" message="For input string: &amp;quot;Features&amp;quot;">
      <![CDATA[java.lang.NumberFormatException: For input string: "Features"
	at java.lang.NumberFormatException.forInputString(Unknown Source)
	at java.lang.Integer.parseInt(Unknown Source)
	at java.lang.Integer.parseInt(Unknown Source)
	at funcation_PageObject.Shopcart.Additem(Shopcart.java:82)
	at funcation_PageObject.Organisation.ApprovalRequirement(Organisation.java:521)
	at testcases_functionality.TC_Organization.TC_Organization_008(TC_Organization.java:219)
... Removed 25 stack frames]]>
    </failure>
  </testcase> <!-- TC_Organization_008 -->
  <testcase name="TC_Organization_009" time="64.981" classname="testcases_functionality.TC_Organization">
    <failure type="java.lang.NumberFormatException" message="null">
      <![CDATA[java.lang.NumberFormatException: null
	at java.lang.Integer.parseInt(Unknown Source)
	at java.lang.Integer.parseInt(Unknown Source)
	at funcation_PageObject.Shopcart.Additem(Shopcart.java:82)
	at testcases_functionality.TC_Organization.TC_Organization_009(TC_Organization.java:236)
... Removed 25 stack frames]]>
    </failure>
  </testcase> <!-- TC_Organization_009 -->
  <testcase name="TC_Organization_010" time="28.69" classname="testcases_functionality.TC_Organization">
    <failure type="java.lang.NumberFormatException" message="For input string: &amp;quot;Features&amp;quot;">
      <![CDATA[java.lang.NumberFormatException: For input string: "Features"
	at java.lang.NumberFormatException.forInputString(Unknown Source)
	at java.lang.Integer.parseInt(Unknown Source)
	at java.lang.Integer.parseInt(Unknown Source)
	at funcation_PageObject.Shopcart.Additem(Shopcart.java:82)
	at testcases_functionality.TC_Organization.TC_Organization_010(TC_Organization.java:261)
... Removed 25 stack frames]]>
    </failure>
  </testcase> <!-- TC_Organization_010 -->
  <testcase name="TC_Organization_011" time="79.54" classname="testcases_functionality.TC_Organization"/>
  <testcase name="TC_Organization_012" time="3.563" classname="testcases_functionality.TC_Organization"/>
  <testcase name="TC_Organization_013" time="18.112" classname="testcases_functionality.TC_Organization">
    <failure type="java.lang.NumberFormatException" message="For input string: &amp;quot;Features&amp;quot;">
      <![CDATA[java.lang.NumberFormatException: For input string: "Features"
	at java.lang.NumberFormatException.forInputString(Unknown Source)
	at java.lang.Integer.parseInt(Unknown Source)
	at java.lang.Integer.parseInt(Unknown Source)
	at funcation_PageObject.Shopcart.Additem(Shopcart.java:82)
	at testcases_functionality.TC_Organization.TC_Organization_013(TC_Organization.java:368)
... Removed 25 stack frames]]>
    </failure>
  </testcase> <!-- TC_Organization_013 -->
  <testcase name="TC_Organization_014" time="78.153" classname="testcases_functionality.TC_Organization"/>
  <testcase name="TC_Organization_015" time="133.977" classname="testcases_functionality.TC_Organization"/>
  <testcase name="TC_Organization_016" time="77.8" classname="testcases_functionality.TC_Organization"/>
  <testcase name="TC_Organization_017" time="150.701" classname="testcases_functionality.TC_Organization"/>
  <testcase name="TC_Organization_018" time="34.936" classname="testcases_functionality.TC_Organization"/>
  <testcase name="TC_Organization_019" time="3.888" classname="testcases_functionality.TC_Organization"/>
  <testcase name="TC_Organization_020" time="4.2" classname="testcases_functionality.TC_Organization"/>
  <testcase name="TC_Organization_021" time="77.864" classname="testcases_functionality.TC_Organization"/>
</testsuite> <!-- Organiation -->
