<?xml version="1.0" encoding="UTF-8"?>
<!-- Generated by org.testng.reporters.JUnitXMLReporter -->
<testsuite hostname="DESKTOP-URKGA8H" ignored="0" name="VendorAccSetup" tests="2" failures="0" timestamp="01 Sep 2018 09:17:11 GMT" time="128.257" errors="0">
  <testcase name="Tc_VendorAccSetup_001" time="97.938" classname="testcases_functionality.TC_VendorAcountSetup"/>
  <testcase name="Tc_VendorAccSetup_002" time="25.332" classname="testcases_functionality.TC_VendorAcountSetup"/>
</testsuite> <!-- VendorAccSetup -->
